2025-10-02 21:44:03, MOVE, v:1, k:calculadora, mode:PICK
2025-10-02 21:44:05, EXEC, v:1, k:calculadora, mode:FULL, rate:9, size:21
2025-10-02 21:46:29, EXEC, v:1, k:calculadora, mode:FULL, rate:9, size:26
2025-10-02 21:48:08, EXEC, v:1, k:calculadora, mode:FULL, rate:9, size:28
2025-10-02 21:48:29, EXEC, v:1, k:calculadora, mode:FULL, rate:9, size:28
2025-10-02 21:49:04, EXEC, v:1, k:calculadora, mode:FULL, rate:9, size:28
2025-10-02 21:49:21, EXEC, v:1, k:calculadora, mode:FULL, rate:36, size:28
2025-10-02 21:57:45, EXEC, v:1, k:calculadora, mode:FULL, rate:36, size:42
2025-10-02 21:58:05, EXEC, v:1, k:calculadora, mode:FULL, rate:0, size:42
2025-10-02 21:58:27, EXEC, v:1, k:calculadora, mode:FULL, rate:36, size:42
2025-10-02 21:59:10, EXEC, v:1, k:calculadora, mode:FULL, rate:36, size:42
2025-10-02 21:59:46, EXEC, v:1, k:calculadora, mode:FULL, rate:36, size:40
2025-10-02 22:00:17, EXEC, v:1, k:calculadora, mode:FULL, rate:72, size:40
2025-10-02 22:04:11, EXEC, v:1, k:calculadora, mode:FULL, rate:72, size:49
2025-10-02 22:04:30, EXEC, v:1, k:calculadora, mode:FULL, rate:81, size:49
2025-10-02 22:21:36, MOVE, v:1, k:calculadora, mode:BACK
2025-10-02 22:23:44, MOVE, v:1, k:calculadora, mode:PICK
2025-10-02 22:23:46, EXEC, v:1, k:calculadora, mode:FULL, rate:81
2025-10-02 22:25:50, EXEC, v:1, k:calculadora, mode:FULL, rate:81, size:52
2025-10-02 22:27:13, EXEC, v:1, k:calculadora, mode:FULL, rate:100, size:53
2025-10-02 22:27:22, MOVE, v:1, k:calculadora, mode:BACK
2025-10-02 22:28:52, SELF, v:1, k:calculadora, rate:100, human:sim, iagen:sim, guide:sim, alone:7, study:240
