2025-09-23 19:02:22, MOVE, v:1, k:enxugar, mode:PICK
2025-09-23 19:02:27, EXEC, v:1, k:enxugar, mode:FULL, rate:0, size:56
2025-09-23 19:02:54, EXEC, v:1, k:enxugar, mode:FULL, rate:0, size:56
2025-09-23 19:04:44, EXEC, v:1, k:enxugar, mode:FULL, rate:0, size:56
2025-09-23 19:05:07, EXEC, v:1, k:enxugar, mode:FULL, rate:0, size:56
2025-09-23 19:06:28, MOVE, v:1, k:enxugar, mode:BACK
2025-09-23 19:06:33, MOVE, v:1, k:animal, mode:DOWN
2025-09-23 19:19:35, MOVE, v:1, k:animal, mode:PICK
2025-09-23 19:19:37, EXEC, v:1, k:animal, mode:FULL, rate:0, size:24
2025-09-23 19:20:47, EXEC, v:1, k:animal, mode:FULL, rate:0, size:24
2025-09-23 19:21:42, EXEC, v:1, k:animal, mode:FULL, rate:0, size:24
2025-09-23 19:22:21, EXEC, v:1, k:animal, mode:FULL, rate:0, size:24
2025-09-23 19:22:53, EXEC, v:1, k:animal, mode:FULL, rate:0, size:24
2025-09-23 19:22:55, EXEC, v:1, k:animal, mode:FULL, rate:0
2025-09-23 19:25:02, EXEC, v:1, k:animal, mode:FULL, rate:0, size:23
2025-09-23 19:26:00, EXEC, v:1, k:animal, mode:FULL, rate:0, size:23
2025-09-23 19:26:18, EXEC, v:1, k:animal, mode:FULL, rate:0, size:23
2025-09-23 19:29:44, EXEC, v:1, k:animal, mode:FULL, rate:0
2025-09-23 19:32:44, EXEC, v:1, k:animal, mode:FULL, rate:0, size:24
2025-09-23 19:33:54, EXEC, v:1, k:animal, mode:FULL, rate:0, size:23
2025-09-23 19:33:59, EXEC, v:1, k:animal, mode:FULL, rate:0, size:23
2025-09-23 19:37:09, EXEC, v:1, k:animal, mode:FULL, rate:0, size:23
2025-09-23 19:37:23, EXEC, v:1, k:animal, mode:FULL, rate:0, size:23
2025-09-23 19:59:23, EXEC, v:1, k:animal, mode:FULL, rate:0, size:29
2025-09-23 20:02:20, EXEC, v:1, k:animal, mode:FULL, rate:0, size:29
2025-09-23 20:03:20, EXEC, v:1, k:animal, mode:FULL, rate:25, size:29
2025-09-23 20:11:31, EXEC, v:1, k:animal, mode:FULL, rate:25, size:26
2025-09-23 20:13:17, MOVE, v:1, k:animal, mode:BACK
2025-09-23 22:29:29, MOVE, v:1, k:animal, mode:PICK
2025-09-23 22:29:30, EXEC, v:1, k:animal, mode:FULL, rate:25
2025-09-23 22:33:52, EXEC, v:1, k:animal, mode:FREE
2025-09-23 23:30:21, MOVE, v:1, k:animal, mode:BACK
2025-09-23 23:30:25, MOVE, v:1, k:toalha, mode:PICK
2025-09-23 23:30:27, EXEC, v:1, k:toalha, mode:LOCK, rate:0, size:56
2025-09-23 23:31:14, EXEC, v:1, k:toalha, mode:LOCK, rate:0
2025-09-23 23:33:04, MOVE, v:1, k:toalha, mode:BACK
2025-09-23 23:33:10, MOVE, v:1, k:animal, mode:PICK
2025-09-23 23:33:12, EXEC, v:1, k:animal, mode:FULL, rate:25, size:41
