2025-09-30 00:01:57, EXEC, v:1, k:carro, mode:FULL, rate:50, size:63
2025-09-30 00:02:38, EXEC, v:1, k:carro, mode:FULL, rate:50, size:63
2025-09-30 00:11:19, EXEC, v:1, k:carro, mode:FULL, rate:50, size:62
2025-09-30 00:11:50, EXEC, v:1, k:carro, mode:FULL, rate:50, size:62
2025-09-30 00:13:39, EXEC, v:1, k:carro, mode:FULL, rate:50, size:62
2025-09-30 00:15:02, EXEC, v:1, k:carro, mode:FULL, rate:0, size:62
2025-09-30 00:15:43, EXEC, v:1, k:carro, mode:FULL, rate:50, size:63
2025-09-30 00:16:06, EXEC, v:1, k:carro, mode:FULL, rate:50, size:63
2025-09-30 00:17:10, EXEC, v:1, k:carro, mode:FULL, rate:50, size:63
2025-09-30 00:18:45, MOVE, v:1, k:carro, mode:BACK
2025-09-30 13:12:50, MOVE, v:1, k:carro, mode:PICK
2025-09-30 13:12:52, EXEC, v:1, k:carro, mode:FULL, rate:50
2025-09-30 13:17:12, EXEC, v:1, k:carro, mode:FULL, rate:50, size:63
2025-09-30 13:19:09, MOVE, v:1, k:carro, mode:PICK
2025-09-30 13:19:10, EXEC, v:1, k:carro, mode:FULL, rate:50, size:63
2025-09-30 13:20:01, EXEC, v:1, k:carro, mode:FULL, rate:50, size:63
2025-09-30 13:22:13, EXEC, v:1, k:carro, mode:FULL, rate:50, size:63
2025-09-30 13:22:57, EXEC, v:1, k:carro, mode:FULL, rate:50, size:63
2025-09-30 13:23:07, EXEC, v:1, k:carro, mode:FULL, rate:50, size:63
2025-09-30 13:25:30, EXEC, v:1, k:carro, mode:FULL, rate:50, size:63
2025-09-30 13:25:48, EXEC, v:1, k:carro, mode:FULL, rate:50, size:63
2025-09-30 13:27:39, EXEC, v:1, k:carro, mode:FULL, rate:50, size:63
2025-09-30 13:30:11, EXEC, v:1, k:carro, mode:FULL, rate:60, size:64
2025-09-30 13:31:31, EXEC, v:1, k:carro, mode:FULL, rate:60, size:66
2025-09-30 13:32:10, EXEC, v:1, k:carro, mode:FULL, rate:60, size:66
2025-09-30 13:32:21, EXEC, v:1, k:carro, mode:FULL, rate:60, size:66
2025-09-30 13:32:41, EXEC, v:1, k:carro, mode:FULL, rate:70, size:66
2025-09-30 13:34:13, EXEC, v:1, k:carro, mode:FULL, rate:60, size:68
2025-09-30 13:34:25, EXEC, v:1, k:carro, mode:FULL, rate:60
2025-09-30 13:34:40, EXEC, v:1, k:carro, mode:FULL, rate:70, size:67
2025-09-30 13:37:20, EXEC, v:1, k:carro, mode:FULL, rate:60, size:68
2025-09-30 13:37:53, EXEC, v:1, k:carro, mode:FULL, rate:80, size:67
2025-09-30 13:38:19, EXEC, v:1, k:carro, mode:FULL, rate:100, size:67
2025-09-30 13:38:28, MOVE, v:1, k:carro, mode:BACK
2025-09-30 13:40:20, SELF, v:1, k:carro, rate:100, human:sim, iagen:sim, guide:sim, alone:5, study:400
