2025-09-29 00:55:34, MOVE, v:1, k:animal, mode:PICK
2025-09-29 00:55:36, EXEC, v:1, k:animal, mode:FULL, rate:25, size:46
2025-09-29 01:04:02, EXEC, v:1, k:animal, mode:FULL, rate:0, size:37
2025-09-29 01:04:24, EXEC, v:1, k:animal, mode:FULL, rate:25, size:35
2025-09-29 01:10:47, EXEC, v:1, k:animal, mode:FULL, rate:0, size:38
2025-09-29 01:11:30, EXEC, v:1, k:animal, mode:FULL, rate:0, size:39
2025-09-29 01:11:57, EXEC, v:1, k:animal, mode:FULL, rate:25, size:35
2025-09-29 01:19:34, EXEC, v:1, k:animal, mode:FULL, rate:0, size:37
2025-09-29 01:24:39, EXEC, v:1, k:animal, mode:FULL, rate:0, size:45
2025-09-29 01:25:46, EXEC, v:1, k:animal, mode:FULL, rate:25, size:46
2025-09-29 01:33:14, EXEC, v:1, k:animal, mode:FULL, rate:50, size:46
2025-09-29 01:35:01, EXEC, v:1, k:animal, mode:FULL, rate:100, size:48
2025-09-29 01:35:38, EXEC, v:1, k:animal, mode:FULL, rate:100
2025-09-29 01:35:39, EXEC, v:1, k:animal, mode:FULL, rate:100
2025-09-29 01:35:40, EXEC, v:1, k:animal, mode:FULL, rate:100
2025-09-29 01:35:41, EXEC, v:1, k:animal, mode:FULL, rate:100
2025-09-29 01:35:41, EXEC, v:1, k:animal, mode:FULL, rate:100
2025-09-29 01:35:41, EXEC, v:1, k:animal, mode:FULL, rate:100
2025-09-29 01:35:42, EXEC, v:1, k:animal, mode:FULL, rate:100
2025-09-29 01:35:42, EXEC, v:1, k:animal, mode:FULL, rate:100
2025-09-29 01:35:42, EXEC, v:1, k:animal, mode:FULL, rate:100
2025-09-29 01:35:42, EXEC, v:1, k:animal, mode:FULL, rate:100
2025-09-29 01:35:42, EXEC, v:1, k:animal, mode:FULL, rate:100
2025-09-29 01:35:42, EXEC, v:1, k:animal, mode:FULL, rate:100
2025-09-29 01:35:42, EXEC, v:1, k:animal, mode:FULL, rate:100
2025-09-29 01:35:44, EXEC, v:1, k:animal, mode:FULL, rate:100
2025-09-29 01:35:55, MOVE, v:1, k:animal, mode:BACK
2025-09-29 01:40:45, SELF, v:1, k:animal, rate:100, human:Sim__amigo, iagen:sim__gpt, guide:sim, alone:7, study:300
2025-09-29 12:24:40, MOVE, v:1, k:carro, mode:DOWN
2025-09-29 12:42:13, MOVE, v:1, k:carro, mode:PICK
2025-09-29 12:42:15, EXEC, v:1, k:carro, mode:FULL, rate:0, size:23
2025-09-29 12:42:54, EXEC, v:1, k:carro, mode:FULL, rate:0, size:23
2025-09-29 12:48:55, EXEC, v:1, k:carro, mode:FULL, rate:0, size:24
2025-09-29 12:49:31, EXEC, v:1, k:carro, mode:FULL, rate:0, size:23
2025-09-29 12:49:51, MOVE, v:1, k:carro, mode:BACK
2025-09-29 18:46:10, MOVE, v:1, k:carro, mode:PICK
2025-09-29 18:46:12, EXEC, v:1, k:carro, mode:FULL, rate:0, size:23
2025-09-29 18:46:37, EXEC, v:1, k:carro, mode:FULL, rate:0, size:23
2025-09-29 18:47:45, EXEC, v:1, k:carro, mode:FULL, rate:0, size:23
2025-09-29 18:48:47, EXEC, v:1, k:carro, mode:FULL, rate:0
2025-09-29 18:49:24, MOVE, v:1, k:carro, mode:BACK
2025-09-29 18:49:30, MOVE, v:1, k:enxugar, mode:PICK
2025-09-29 18:49:32, EXEC, v:1, k:enxugar, mode:FULL, rate:0
2025-09-29 18:49:53, EXEC, v:1, k:enxugar, mode:FULL, rate:0, size:56
2025-09-29 18:50:41, EXEC, v:1, k:enxugar, mode:FULL, rate:0, size:57
2025-09-29 18:55:29, EXEC, v:1, k:enxugar, mode:FULL, rate:0
2025-09-29 18:58:23, EXEC, v:1, k:enxugar, mode:FULL, rate:0, size:57
2025-09-29 18:58:36, EXEC, v:1, k:enxugar, mode:FULL, rate:0, size:57
2025-09-29 18:59:25, EXEC, v:1, k:enxugar, mode:FULL, rate:0, size:57
2025-09-29 18:59:47, EXEC, v:1, k:enxugar, mode:FULL, rate:0, size:57
2025-09-29 18:59:48, EXEC, v:1, k:enxugar, mode:FULL, rate:0
2025-09-29 19:00:16, EXEC, v:1, k:enxugar, mode:FULL, rate:0, size:57
2025-09-29 19:00:30, EXEC, v:1, k:enxugar, mode:FULL, rate:0, size:57
2025-09-29 19:05:36, EXEC, v:1, k:enxugar, mode:FULL, rate:0, size:57
2025-09-29 19:05:55, EXEC, v:1, k:enxugar, mode:FULL, rate:0, size:57
2025-09-29 19:10:37, EXEC, v:1, k:enxugar, mode:FULL, rate:0, size:57
2025-09-29 19:10:53, EXEC, v:1, k:enxugar, mode:FULL, rate:0, size:57
2025-09-29 19:11:04, EXEC, v:1, k:enxugar, mode:FULL, rate:0, size:57
2025-09-29 19:19:01, MOVE, v:1, k:enxugar, mode:BACK
2025-09-29 19:19:05, MOVE, v:1, k:carro, mode:PICK
2025-09-29 19:19:07, EXEC, v:1, k:carro, mode:FULL, rate:0, size:22
2025-09-29 19:20:04, EXEC, v:1, k:carro, mode:FULL, rate:0, size:22
2025-09-29 19:20:30, EXEC, v:1, k:carro, mode:FULL, rate:0, size:22
2025-09-29 19:20:50, EXEC, v:1, k:carro, mode:FULL, rate:0, size:20
2025-09-29 19:20:51, EXEC, v:1, k:carro, mode:FULL, rate:0
2025-09-29 19:20:52, EXEC, v:1, k:carro, mode:FULL, rate:0
2025-09-29 19:21:15, EXEC, v:1, k:carro, mode:FULL, rate:0, size:20
2025-09-29 19:35:18, MOVE, v:1, k:carro, mode:BACK
2025-09-29 19:35:52, MOVE, v:1, k:enxugar, mode:PICK
2025-09-29 19:35:55, EXEC, v:1, k:enxugar, mode:FULL, rate:0
2025-09-29 19:42:41, EXEC, v:1, k:enxugar, mode:FULL, rate:0, size:57
2025-09-29 19:43:54, EXEC, v:1, k:enxugar, mode:FULL, rate:0, size:57
2025-09-29 19:46:30, EXEC, v:1, k:enxugar, mode:FULL, rate:0
2025-09-29 19:48:56, EXEC, v:1, k:enxugar, mode:FULL, rate:20, size:57
2025-09-29 20:03:41, EXEC, v:1, k:enxugar, mode:FULL, rate:20, size:57
2025-09-29 20:04:41, EXEC, v:1, k:enxugar, mode:FULL, rate:0, size:59
2025-09-29 20:04:56, EXEC, v:1, k:enxugar, mode:FULL, rate:20, size:59
2025-09-29 20:06:15, EXEC, v:1, k:enxugar, mode:FULL, rate:30, size:59
2025-09-29 20:07:21, EXEC, v:1, k:enxugar, mode:FULL, rate:50, size:59
2025-09-29 20:09:25, EXEC, v:1, k:enxugar, mode:FULL, rate:50, size:61
2025-09-29 20:14:47, EXEC, v:1, k:enxugar, mode:FULL, rate:50
2025-09-29 20:20:02, EXEC, v:1, k:enxugar, mode:FULL, rate:50
2025-09-29 20:23:04, EXEC, v:1, k:enxugar, mode:FULL, rate:100, size:61
2025-09-29 20:23:41, MOVE, v:1, k:enxugar, mode:BACK
2025-09-29 20:25:10, SELF, v:1, k:enxugar, rate:100, human:sim, iagen:sim, guide:sim, alone:8, study:120
2025-09-29 22:48:06, SELF, v:1, k:animal, rate:100, human:Sim__amigo, iagen:sim__gpt, guide:sim, alone:7, study:300
2025-09-29 22:59:21, MOVE, v:1, k:carro, mode:PICK
2025-09-29 22:59:22, EXEC, v:1, k:carro, mode:FULL, rate:0, size:26
2025-09-29 23:01:11, EXEC, v:1, k:carro, mode:FULL, rate:0, size:26
2025-09-29 23:03:49, MOVE, v:1, k:carro, mode:PICK
2025-09-29 23:03:50, EXEC, v:1, k:carro, mode:FULL, rate:0
2025-09-29 23:09:55, EXEC, v:1, k:carro, mode:FULL, rate:0, size:28
2025-09-29 23:13:56, EXEC, v:1, k:carro, mode:FULL, rate:0, size:28
2025-09-29 23:14:20, EXEC, v:1, k:carro, mode:FULL, rate:0, size:28
2025-09-29 23:15:52, EXEC, v:1, k:carro, mode:FULL, rate:0, size:28
2025-09-29 23:22:25, EXEC, v:1, k:carro, mode:FULL, rate:0, size:28
2025-09-29 23:25:06, EXEC, v:1, k:carro, mode:FULL, rate:10, size:28
2025-09-29 23:30:21, EXEC, v:1, k:carro, mode:FULL, rate:10, size:34
2025-09-29 23:32:22, EXEC, v:1, k:carro, mode:FULL, rate:30, size:36
2025-09-29 23:39:04, EXEC, v:1, k:carro, mode:FULL, rate:30, size:36
2025-09-29 23:39:36, EXEC, v:1, k:carro, mode:FULL, rate:30
2025-09-29 23:42:31, EXEC, v:1, k:carro, mode:FULL, rate:30, size:44
2025-09-29 23:44:01, EXEC, v:1, k:carro, mode:FULL, rate:50, size:46
2025-09-29 23:48:08, EXEC, v:1, k:carro, mode:FULL, rate:0, size:55
2025-09-29 23:48:50, EXEC, v:1, k:carro, mode:FULL, rate:50, size:55
2025-09-29 23:51:05, EXEC, v:1, k:carro, mode:FULL, rate:50, size:55
2025-09-29 23:54:18, EXEC, v:1, k:carro, mode:FULL, rate:50
