2025-09-22 18:57:35, MOVE, v:1, k:toalha, mode:PICK
2025-09-22 18:57:37, EXEC, v:1, k:toalha, mode:LOCK, rate:0, size:30
2025-09-22 18:59:05, EXEC, v:1, k:toalha, mode:LOCK, rate:0, size:30
2025-09-22 18:59:32, EXEC, v:1, k:toalha, mode:LOCK, rate:0, size:30
2025-09-22 18:59:58, EXEC, v:1, k:toalha, mode:LOCK, rate:0
2025-09-22 19:00:38, EXEC, v:1, k:toalha, mode:LOCK, rate:0, size:31
2025-09-22 19:00:53, EXEC, v:1, k:toalha, mode:LOCK, rate:0, size:31
2025-09-22 19:00:54, EXEC, v:1, k:toalha, mode:LOCK, rate:0
2025-09-22 19:01:16, EXEC, v:1, k:toalha, mode:LOCK, rate:0
2025-09-22 19:01:38, EXEC, v:1, k:toalha, mode:LOCK, rate:0
2025-09-22 19:01:39, EXEC, v:1, k:toalha, mode:LOCK, rate:0
2025-09-22 19:01:40, EXEC, v:1, k:toalha, mode:LOCK, rate:0
2025-09-22 19:02:24, EXEC, v:1, k:toalha, mode:LOCK, rate:0, size:31
2025-09-22 19:03:42, EXEC, v:1, k:toalha, mode:LOCK, rate:0
2025-09-22 19:04:53, EXEC, v:1, k:toalha, mode:LOCK, rate:0, size:31
2025-09-22 19:06:44, EXEC, v:1, k:toalha, mode:LOCK, rate:0, size:31
2025-09-22 19:08:16, EXEC, v:1, k:toalha, mode:LOCK, rate:0, size:32
2025-09-22 19:09:27, EXEC, v:1, k:toalha, mode:LOCK, rate:0, size:34
2025-09-22 19:37:02, EXEC, v:1, k:toalha, mode:LOCK, rate:0, size:43
2025-09-22 19:37:04, EXEC, v:1, k:toalha, mode:LOCK, rate:0
2025-09-22 19:42:41, EXEC, v:1, k:toalha, mode:FREE, size:44
2025-09-22 20:04:45, MOVE, v:1, k:toalha, mode:BACK
2025-09-22 20:04:51, MOVE, v:1, k:enxugar, mode:DOWN
2025-09-22 20:05:04, MOVE, v:1, k:enxugar, mode:PICK
